<?xml version="1.0" encoding="UTF-8"?>
<!-- Generated by org.testng.reporters.JUnitReportReporter -->
<testsuite hostname="SriRam-PC" name="testcases.TC03_DeleteLead" tests="1" failures="0" timestamp="24 Apr 2016 11:35:52 GMT" time="66.549" errors="0">
  <testcase name="CreateLead" time="66.549" classname="testcases.TC03_DeleteLead"/>
</testsuite> <!-- testcases.TC03_DeleteLead -->
