<?xml version="1.0" encoding="UTF-8"?>
<!-- Generated by org.testng.reporters.JUnitReportReporter -->
<testsuite hostname="SriRam-PC" name="testcases.TC02_CreateLead" tests="1" failures="0" timestamp="24 Apr 2016 11:34:22 GMT" time="47.788" errors="0">
  <testcase name="CreateLead" time="47.788" classname="testcases.TC02_CreateLead"/>
</testsuite> <!-- testcases.TC02_CreateLead -->
