<?xml version="1.0" encoding="UTF-8"?>
<!-- Generated by org.testng.reporters.JUnitReportReporter -->
<testsuite hostname="SriRam-PC" name="keyword.RunScripts" tests="1" failures="0" timestamp="24 Apr 2016 05:12:48 GMT" time="44.271" errors="0">
  <testcase name="runScripts" time="44.271" classname="keyword.RunScripts"/>
</testsuite> <!-- keyword.RunScripts -->
